<?xml version="1.0" encoding="UTF-8"?>
<!-- Generated by org.testng.reporters.JUnitReportReporter -->
<testsuite hostname="Vishnudass-Mac-mini.local" failures="0" tests="2" name="com.pixbit.appium.test.property.add.NewUserPropertyAdd" time="96.795" errors="1" timestamp="2024-08-22T11:16:10 IST" skipped="1">
  <testcase classname="com.pixbit.appium.test.property.add.NewUserPropertyAdd" name="single_villa_ready_property" time="96.795">
    <error message="Could not parse selector expression `new UiScrollable(new UiSelector()).scrollIntoView(text(&#039;Save&#039;))`: `UiScrollable` doesn&#039;t have suitable method `scrollIntoView` with arguments [text(&#039;Save&#039;)]: Could not parse selector expression `new UiSelector().text(&#039;Save&#039;)`: `UiSelector` doesn&#039;t have suitable method `text` with arguments [&#039;Save&#039;]: Could not parse selector expression `new UiSelector().text(&#039;Save&#039;)`: &#039;Save&#039; is not a string
For documentation on this error, please visit: https://www.selenium.dev/documentation/webdriver/troubleshooting/errors#invalid-selector-exception
Build info: version: &#039;4.23.1&#039;, revision: &#039;656257d8e9&#039;
System info: os.name: &#039;Mac OS X&#039;, os.arch: &#039;x86_64&#039;, os.version: &#039;14.4.1&#039;, java.version: &#039;17.0.8.1&#039;
Driver info: io.appium.java_client.android.AndroidDriver
Command: [1f7191fa-2b8f-4bc3-a3c2-4e2163086270, findElement {value=new UiScrollable(new UiSelector()).scrollIntoView(text(&#039;Save&#039;));, using=-android uiautomator}]
Capabilities {appium:app: /Users/vk14/git/UserApplica..., appium:appPackage: in.pixbit.proptech, appium:automationName: UIAutomator2, appium:databaseEnabled: false, appium:desired: {app: /Users/vk14/git/UserApplica..., automationName: UIAutomator2, deviceName: QAAndroid, platformName: ANDROID}, appium:deviceApiLevel: 34, appium:deviceManufacturer: Google, appium:deviceModel: sdk_gphone64_arm64, appium:deviceName: emulator-5554, appium:deviceScreenDensity: 560, appium:deviceScreenSize: 1440x3120, appium:deviceUDID: emulator-5554, appium:javascriptEnabled: true, appium:locationContextEnabled: false, appium:networkConnectionEnabled: true, appium:pixelRatio: 3.5, appium:platformVersion: 14, appium:statBarHeight: 144, appium:takesScreenshot: true, appium:viewportRect: {height: 2748, left: 0, top: 144, width: 1440}, appium:warnings: {}, appium:webStorageEnabled: false, platformName: ANDROID}
Session ID: 1f7191fa-2b8f-4bc3-a3c2-4e2163086270" type="org.openqa.selenium.InvalidSelectorException">
      <![CDATA[org.openqa.selenium.InvalidSelectorException: Could not parse selector expression `new UiScrollable(new UiSelector()).scrollIntoView(text('Save'))`: `UiScrollable` doesn't have suitable method `scrollIntoView` with arguments [text('Save')]: Could not parse selector expression `new UiSelector().text('Save')`: `UiSelector` doesn't have suitable method `text` with arguments ['Save']: Could not parse selector expression `new UiSelector().text('Save')`: 'Save' is not a string
For documentation on this error, please visit: https://www.selenium.dev/documentation/webdriver/troubleshooting/errors#invalid-selector-exception
Build info: version: '4.23.1', revision: '656257d8e9'
System info: os.name: 'Mac OS X', os.arch: 'x86_64', os.version: '14.4.1', java.version: '17.0.8.1'
Driver info: io.appium.java_client.android.AndroidDriver
Command: [1f7191fa-2b8f-4bc3-a3c2-4e2163086270, findElement {value=new UiScrollable(new UiSelector()).scrollIntoView(text('Save'));, using=-android uiautomator}]
Capabilities {appium:app: /Users/vk14/git/UserApplica..., appium:appPackage: in.pixbit.proptech, appium:automationName: UIAutomator2, appium:databaseEnabled: false, appium:desired: {app: /Users/vk14/git/UserApplica..., automationName: UIAutomator2, deviceName: QAAndroid, platformName: ANDROID}, appium:deviceApiLevel: 34, appium:deviceManufacturer: Google, appium:deviceModel: sdk_gphone64_arm64, appium:deviceName: emulator-5554, appium:deviceScreenDensity: 560, appium:deviceScreenSize: 1440x3120, appium:deviceUDID: emulator-5554, appium:javascriptEnabled: true, appium:locationContextEnabled: false, appium:networkConnectionEnabled: true, appium:pixelRatio: 3.5, appium:platformVersion: 14, appium:statBarHeight: 144, appium:takesScreenshot: true, appium:viewportRect: {height: 2748, left: 0, top: 144, width: 1440}, appium:warnings: {}, appium:webStorageEnabled: false, platformName: ANDROID}
Session ID: 1f7191fa-2b8f-4bc3-a3c2-4e2163086270
at java.base/jdk.internal.reflect.NativeConstructorAccessorImpl.newInstance0(Native Method)
at java.base/jdk.internal.reflect.NativeConstructorAccessorImpl.newInstance(NativeConstructorAccessorImpl.java:77)
at java.base/jdk.internal.reflect.DelegatingConstructorAccessorImpl.newInstance(DelegatingConstructorAccessorImpl.java:45)
at java.base/java.lang.reflect.Constructor.newInstanceWithCaller(Constructor.java:499)
at java.base/java.lang.reflect.Constructor.newInstance(Constructor.java:480)
at org.openqa.selenium.remote.ErrorCodec.decode(ErrorCodec.java:167)
at org.openqa.selenium.remote.codec.w3c.W3CHttpResponseCodec.decode(W3CHttpResponseCodec.java:138)
at org.openqa.selenium.remote.codec.w3c.W3CHttpResponseCodec.decode(W3CHttpResponseCodec.java:50)
at org.openqa.selenium.remote.HttpCommandExecutor.execute(HttpCommandExecutor.java:190)
at io.appium.java_client.remote.AppiumCommandExecutor.execute(AppiumCommandExecutor.java:237)
at org.openqa.selenium.remote.RemoteWebDriver.execute(RemoteWebDriver.java:545)
at org.openqa.selenium.remote.ElementLocation$ElementFinder$2.findElement(ElementLocation.java:165)
at org.openqa.selenium.remote.ElementLocation.findElement(ElementLocation.java:59)
at org.openqa.selenium.remote.RemoteWebDriver.findElement(RemoteWebDriver.java:368)
at org.openqa.selenium.remote.RemoteWebDriver.findElement(RemoteWebDriver.java:362)
at com.pixbit.appium.pageobject.AddProperty.add_payment_plan(AddProperty.java:299)
at com.pixbit.appium.test.property.add.NewUserPropertyAdd.single_villa_ready_property(NewUserPropertyAdd.java:40)
at java.base/jdk.internal.reflect.NativeMethodAccessorImpl.invoke0(Native Method)
at java.base/jdk.internal.reflect.NativeMethodAccessorImpl.invoke(NativeMethodAccessorImpl.java:77)
at java.base/jdk.internal.reflect.DelegatingMethodAccessorImpl.invoke(DelegatingMethodAccessorImpl.java:43)
at java.base/java.lang.reflect.Method.invoke(Method.java:568)
at org.testng.internal.invokers.MethodInvocationHelper.invokeMethod(MethodInvocationHelper.java:141)
at org.testng.internal.invokers.TestInvoker.invokeMethod(TestInvoker.java:686)
at org.testng.internal.invokers.TestInvoker.invokeTestMethod(TestInvoker.java:230)
at org.testng.internal.invokers.MethodRunner.runInSequence(MethodRunner.java:63)
at org.testng.internal.invokers.TestInvoker$MethodInvocationAgent.invoke(TestInvoker.java:992)
at org.testng.internal.invokers.TestInvoker.invokeTestMethods(TestInvoker.java:203)
at org.testng.internal.invokers.TestMethodWorker.invokeTestMethods(TestMethodWorker.java:154)
at org.testng.internal.invokers.TestMethodWorker.run(TestMethodWorker.java:134)
at java.base/java.util.ArrayList.forEach(ArrayList.java:1511)
at org.testng.TestRunner.privateRun(TestRunner.java:739)
at org.testng.TestRunner.run(TestRunner.java:614)
at org.testng.SuiteRunner.runTest(SuiteRunner.java:421)
at org.testng.SuiteRunner.runSequentially(SuiteRunner.java:413)
at org.testng.SuiteRunner.privateRun(SuiteRunner.java:373)
at org.testng.SuiteRunner.run(SuiteRunner.java:312)
at org.testng.SuiteRunnerWorker.runSuite(SuiteRunnerWorker.java:52)
at org.testng.SuiteRunnerWorker.run(SuiteRunnerWorker.java:95)
at org.testng.TestNG.runSuitesSequentially(TestNG.java:1274)
at org.testng.TestNG.runSuitesLocally(TestNG.java:1208)
at org.testng.TestNG.runSuites(TestNG.java:1112)
at org.testng.TestNG.run(TestNG.java:1079)
at org.testng.remote.AbstractRemoteTestNG.run(AbstractRemoteTestNG.java:115)
at org.testng.remote.RemoteTestNG.initAndRun(RemoteTestNG.java:293)
at org.testng.remote.RemoteTestNG.main(RemoteTestNG.java:91)
]]>
    </error>
  </testcase> <!-- single_villa_ready_property -->
  <testcase classname="com.pixbit.appium.test.property.add.NewUserPropertyAdd" name="single_service_apartment_ready_property">
    <skipped/>
  </testcase> <!-- single_service_apartment_ready_property -->
</testsuite> <!-- com.pixbit.appium.test.property.add.NewUserPropertyAdd -->
