<?xml version="1.0" encoding="UTF-8"?>
<!-- Generated by org.testng.reporters.JUnitReportReporter -->
<testsuite hostname="Vishnudass-Mac-mini.local" failures="0" tests="6" name="propertyaddedit.JointPropertyAdd" time="133.302" errors="1" timestamp="2024-02-19T15:07:34 IST" skipped="5">
  <testcase classname="propertyaddedit.JointPropertyAdd" name="two_owners_apartment_property" time="133.302">
    <error message="Keys to send should be a not null CharSequence" type="java.lang.IllegalArgumentException">
      <![CDATA[java.lang.IllegalArgumentException: Keys to send should be a not null CharSequence
at org.openqa.selenium.remote.RemoteWebElement.sendKeys(RemoteWebElement.java:96)
at pageobject.AddProperty.select_bedroom_cabin_count(AddProperty.java:521)
at propertyaddedit.JointPropertyAdd.two_owners_apartment_property(JointPropertyAdd.java:69)
at java.base/jdk.internal.reflect.NativeMethodAccessorImpl.invoke0(Native Method)
at java.base/jdk.internal.reflect.NativeMethodAccessorImpl.invoke(NativeMethodAccessorImpl.java:77)
at java.base/jdk.internal.reflect.DelegatingMethodAccessorImpl.invoke(DelegatingMethodAccessorImpl.java:43)
at java.base/java.lang.reflect.Method.invoke(Method.java:568)
at org.testng.internal.invokers.MethodInvocationHelper.invokeMethod(MethodInvocationHelper.java:139)
at org.testng.internal.invokers.TestInvoker.invokeMethod(TestInvoker.java:664)
at org.testng.internal.invokers.TestInvoker.invokeTestMethod(TestInvoker.java:228)
at org.testng.internal.invokers.MethodRunner.runInSequence(MethodRunner.java:63)
at org.testng.internal.invokers.TestInvoker$MethodInvocationAgent.invoke(TestInvoker.java:961)
at org.testng.internal.invokers.TestInvoker.invokeTestMethods(TestInvoker.java:201)
at org.testng.internal.invokers.TestMethodWorker.invokeTestMethods(TestMethodWorker.java:148)
at org.testng.internal.invokers.TestMethodWorker.run(TestMethodWorker.java:128)
at java.base/java.util.ArrayList.forEach(ArrayList.java:1511)
at org.testng.TestRunner.privateRun(TestRunner.java:819)
at org.testng.TestRunner.run(TestRunner.java:619)
at org.testng.SuiteRunner.runTest(SuiteRunner.java:443)
at org.testng.SuiteRunner.runSequentially(SuiteRunner.java:437)
at org.testng.SuiteRunner.privateRun(SuiteRunner.java:397)
at org.testng.SuiteRunner.run(SuiteRunner.java:336)
at org.testng.SuiteRunnerWorker.runSuite(SuiteRunnerWorker.java:52)
at org.testng.SuiteRunnerWorker.run(SuiteRunnerWorker.java:95)
at org.testng.TestNG.runSuitesSequentially(TestNG.java:1301)
at org.testng.TestNG.runSuitesLocally(TestNG.java:1228)
at org.testng.TestNG.runSuites(TestNG.java:1134)
at org.testng.TestNG.run(TestNG.java:1101)
at org.testng.remote.AbstractRemoteTestNG.run(AbstractRemoteTestNG.java:115)
at org.testng.remote.RemoteTestNG.initAndRun(RemoteTestNG.java:251)
at org.testng.remote.RemoteTestNG.main(RemoteTestNG.java:77)
]]>
    </error>
  </testcase> <!-- two_owners_apartment_property -->
  <testcase classname="propertyaddedit.JointPropertyAdd" name="addJointProperty_3">
    <skipped/>
  </testcase> <!-- addJointProperty_3 -->
  <testcase classname="propertyaddedit.JointPropertyAdd" name="addJointProperty_5">
    <skipped/>
  </testcase> <!-- addJointProperty_5 -->
  <testcase classname="propertyaddedit.JointPropertyAdd" name="addJointProperty_6">
    <skipped/>
  </testcase> <!-- addJointProperty_6 -->
  <testcase classname="propertyaddedit.JointPropertyAdd" name="addJointProperty_4">
    <skipped/>
  </testcase> <!-- addJointProperty_4 -->
  <testcase classname="propertyaddedit.JointPropertyAdd" name="addSingleProperty_2">
    <skipped/>
  </testcase> <!-- addSingleProperty_2 -->
</testsuite> <!-- propertyaddedit.JointPropertyAdd -->
