<?xml version="1.0" encoding="UTF-8"?>
<!-- Generated by org.testng.reporters.JUnitReportReporter -->
<testsuite hostname="Vishnudass-Mac-mini.local" failures="0" tests="1" name="tutorial.iosSwipe" time="1.922" errors="1" timestamp="2023-11-01T18:16:31 IST" skipped="0">
  <testcase classname="tutorial.iosSwipe" name="configuration" time="1.922">
    <error message="Error Domain=FBSOpenApplicationServiceErrorDomain Code=4 &quot;The request to open &quot;in.pixbit.propech.rm&quot; failed.&quot; UserInfo={BSErrorCodeDescription=InvalidRequest, NSLocalizedDescription=The request to open &quot;in.pixbit.propech.rm&quot; failed., FBSOpenApplicationRequestID=0x8869, NSUnderlyingError=0x600001160810 {Error Domain=FBSOpenApplicationErrorDomain Code=4 &quot;Application info provider (FBSApplicationLibrary) returned nil for &quot;in.pixbit.propech.rm&quot;&quot; UserInfo={BSErrorCodeDescription=NotFound, NSLocalizedFailureReason=Application info provider (FBSApplicationLibrary) returned nil for &quot;in.pixbit.propech.rm&quot;}}}
Build info: version: &#039;4.14.1&#039;, revision: &#039;03f8ede370&#039;
System info: os.name: &#039;Mac OS X&#039;, os.arch: &#039;x86_64&#039;, os.version: &#039;13.5.2&#039;, java.version: &#039;17.0.8.1&#039;
Driver info: io.appium.java_client.ios.IOSDriver
Command: [04bcd042-c998-4e4b-875b-13d1baf60ad7, executeScript {script=mobile:launchApp, args=[{bundleId=in.pixbit.propech.rm}]}]
Capabilities {appium:automationName: XCuiTest, appium:databaseEnabled: false, appium:deviceName: iPhone 15, appium:javascriptEnabled: true, appium:locationContextEnabled: false, appium:networkConnectionEnabled: false, appium:takesScreenshot: true, appium:udid: B9DF6D14-A55D-44D4-A43B-930..., appium:wdaLaunchTimeout: 30000, appium:webStorageEnabled: false, platformName: IOS}
Session ID: 04bcd042-c998-4e4b-875b-13d1baf60ad7" type="org.openqa.selenium.InvalidArgumentException">
      <![CDATA[org.openqa.selenium.InvalidArgumentException: Error Domain=FBSOpenApplicationServiceErrorDomain Code=4 "The request to open "in.pixbit.propech.rm" failed." UserInfo={BSErrorCodeDescription=InvalidRequest, NSLocalizedDescription=The request to open "in.pixbit.propech.rm" failed., FBSOpenApplicationRequestID=0x8869, NSUnderlyingError=0x600001160810 {Error Domain=FBSOpenApplicationErrorDomain Code=4 "Application info provider (FBSApplicationLibrary) returned nil for "in.pixbit.propech.rm"" UserInfo={BSErrorCodeDescription=NotFound, NSLocalizedFailureReason=Application info provider (FBSApplicationLibrary) returned nil for "in.pixbit.propech.rm"}}}
Build info: version: '4.14.1', revision: '03f8ede370'
System info: os.name: 'Mac OS X', os.arch: 'x86_64', os.version: '13.5.2', java.version: '17.0.8.1'
Driver info: io.appium.java_client.ios.IOSDriver
Command: [04bcd042-c998-4e4b-875b-13d1baf60ad7, executeScript {script=mobile:launchApp, args=[{bundleId=in.pixbit.propech.rm}]}]
Capabilities {appium:automationName: XCuiTest, appium:databaseEnabled: false, appium:deviceName: iPhone 15, appium:javascriptEnabled: true, appium:locationContextEnabled: false, appium:networkConnectionEnabled: false, appium:takesScreenshot: true, appium:udid: B9DF6D14-A55D-44D4-A43B-930..., appium:wdaLaunchTimeout: 30000, appium:webStorageEnabled: false, platformName: IOS}
Session ID: 04bcd042-c998-4e4b-875b-13d1baf60ad7
at java.base/jdk.internal.reflect.NativeConstructorAccessorImpl.newInstance0(Native Method)
at java.base/jdk.internal.reflect.NativeConstructorAccessorImpl.newInstance(NativeConstructorAccessorImpl.java:77)
at java.base/jdk.internal.reflect.DelegatingConstructorAccessorImpl.newInstance(DelegatingConstructorAccessorImpl.java:45)
at java.base/java.lang.reflect.Constructor.newInstanceWithCaller(Constructor.java:499)
at java.base/java.lang.reflect.Constructor.newInstance(Constructor.java:480)
at org.openqa.selenium.remote.codec.w3c.W3CHttpResponseCodec.createException(W3CHttpResponseCodec.java:200)
at org.openqa.selenium.remote.codec.w3c.W3CHttpResponseCodec.decode(W3CHttpResponseCodec.java:133)
at org.openqa.selenium.remote.codec.w3c.W3CHttpResponseCodec.decode(W3CHttpResponseCodec.java:52)
at org.openqa.selenium.remote.HttpCommandExecutor.execute(HttpCommandExecutor.java:191)
at io.appium.java_client.remote.AppiumCommandExecutor.execute(AppiumCommandExecutor.java:238)
at org.openqa.selenium.remote.RemoteWebDriver.execute(RemoteWebDriver.java:602)
at org.openqa.selenium.remote.RemoteWebDriver.executeScript(RemoteWebDriver.java:467)
at tutorial.iosSwipe.configuration(iosSwipe.java:69)
at java.base/jdk.internal.reflect.NativeMethodAccessorImpl.invoke0(Native Method)
at java.base/jdk.internal.reflect.NativeMethodAccessorImpl.invoke(NativeMethodAccessorImpl.java:77)
at java.base/jdk.internal.reflect.DelegatingMethodAccessorImpl.invoke(DelegatingMethodAccessorImpl.java:43)
at java.base/java.lang.reflect.Method.invoke(Method.java:568)
at org.testng.internal.invokers.MethodInvocationHelper.invokeMethod(MethodInvocationHelper.java:139)
at org.testng.internal.invokers.TestInvoker.invokeMethod(TestInvoker.java:664)
at org.testng.internal.invokers.TestInvoker.invokeTestMethod(TestInvoker.java:227)
at org.testng.internal.invokers.MethodRunner.runInSequence(MethodRunner.java:50)
at org.testng.internal.invokers.TestInvoker$MethodInvocationAgent.invoke(TestInvoker.java:957)
at org.testng.internal.invokers.TestInvoker.invokeTestMethods(TestInvoker.java:200)
at org.testng.internal.invokers.TestMethodWorker.invokeTestMethods(TestMethodWorker.java:148)
at org.testng.internal.invokers.TestMethodWorker.run(TestMethodWorker.java:128)
at java.base/java.util.ArrayList.forEach(ArrayList.java:1511)
at org.testng.TestRunner.privateRun(TestRunner.java:848)
at org.testng.TestRunner.run(TestRunner.java:621)
at org.testng.SuiteRunner.runTest(SuiteRunner.java:443)
at org.testng.SuiteRunner.runSequentially(SuiteRunner.java:437)
at org.testng.SuiteRunner.privateRun(SuiteRunner.java:397)
at org.testng.SuiteRunner.run(SuiteRunner.java:336)
at org.testng.SuiteRunnerWorker.runSuite(SuiteRunnerWorker.java:52)
at org.testng.SuiteRunnerWorker.run(SuiteRunnerWorker.java:95)
at org.testng.TestNG.runSuitesSequentially(TestNG.java:1280)
at org.testng.TestNG.runSuitesLocally(TestNG.java:1200)
at org.testng.TestNG.runSuites(TestNG.java:1114)
at org.testng.TestNG.run(TestNG.java:1082)
at org.testng.remote.AbstractRemoteTestNG.run(AbstractRemoteTestNG.java:115)
at org.testng.remote.RemoteTestNG.initAndRun(RemoteTestNG.java:251)
at org.testng.remote.RemoteTestNG.main(RemoteTestNG.java:77)
]]>
    </error>
  </testcase> <!-- configuration -->
</testsuite> <!-- tutorial.iosSwipe -->
